C51 COMPILER V9.00   IOCONTROL                                                             09/21/2014 16:12:55 PAGE 1   


C51 COMPILER V9.00, COMPILATION OF MODULE IOCONTROL
OBJECT MODULE PLACED IN IOcontrol.OBJ
COMPILER INVOKED BY: C:\Keil\C51\BIN\C51.EXE IOcontrol.c BROWSE DEBUG OBJECTEXTEND

line level    source

   1          #include <STC12C5A.h>
   2          #include <absacc.h>
   3          #include <intrins.h>
   4          #include  <define.h>
   5          
   6          sbit start_key1 = P0^0;
   7          sbit start_key2 = P0^1;
   8          sbit start_key3 = P0^2;
   9          sbit start_key4 = P0^3;
  10          sbit start_key5 = P0^4;
  11          sbit start_key6 = P0^5;
  12          sbit start_key7 = P0^6;
  13          sbit start_key8 = P0^7;
  14          
  15          
  16          sbit stop_key1 = P2^0;
  17          //sbit stop_key2 = P2^1;
  18          sbit stop_key2 = P3^5;
  19          sbit stop_key3 = P2^2;
  20          sbit stop_key4 = P2^3;
  21          sbit stop_key5 = P2^4;
  22          sbit stop_key6 = P2^5;
  23          //sbit stop_key7 = P2^6;
  24          sbit stop_key7 = P3^7;
  25          sbit stop_key8 = P2^7;
  26          
  27          sbit xoutput1 = P1^0;
  28          sbit xoutput2 = P1^1;
  29          sbit xoutput3 = P1^2;
  30          sbit xoutput4 = P1^3;
  31          sbit xoutput5 = P1^4;
  32          sbit xoutput6 = P1^5;
  33          sbit xoutput7 = P1^6;
  34          sbit xoutput8 = P1^7;
  35                  
  36          unsigned  char bdata enable_timer;
  37          sbit enable_timer1 = enable_timer^0;
  38          sbit enable_timer2 = enable_timer^1;
  39          sbit enable_timer3 = enable_timer^2;
  40          sbit enable_timer4 = enable_timer^3;
  41          sbit enable_timer5 = enable_timer^4;
  42          sbit enable_timer6 = enable_timer^5;
  43          sbit enable_timer7 = enable_timer^6;
  44          sbit enable_timer8 = enable_timer^7;    
  45          
  46          unsigned  char bdata enable_counter;
  47          sbit enable_counter1 = enable_counter^0;
  48          sbit enable_counter2 = enable_counter^1;
  49          sbit enable_counter3 = enable_counter^2;
  50          sbit enable_counter4 = enable_counter^3;
  51          sbit enable_counter5 = enable_counter^4;
  52          sbit enable_counter6 = enable_counter^5;
  53          sbit enable_counter7 = enable_counter^6;
  54          sbit enable_counter8 = enable_counter^7;
  55                                                                          
C51 COMPILER V9.00   IOCONTROL                                                             09/21/2014 16:12:55 PAGE 2   

  56          struct date
  57          {
  58          unsigned char hsec;
  59          unsigned char sec;
  60          }xtimer1,timer2,timer3,timer4,timer5,timer6,timer7,timer8;
  61          
  62          
  63          unsigned char counter1_sec,counter2_sec,counter3_sec,counter4_sec,counter5_sec,counter6_sec,counter7_sec,c
             -ounter8_sec;
  64          
  65          void counter_init(void)
  66          {
  67   1      enable_timer1 = 0;
  68   1      enable_timer2 = 0;
  69   1      enable_timer3 = 0;
  70   1      enable_timer4 = 0;
  71   1      enable_timer5 = 0;
  72   1      enable_timer6 = 0;
  73   1      enable_timer7 = 0;
  74   1      enable_timer8 = 0;
  75   1      
  76   1      enable_counter1 = 0;
  77   1      enable_counter2 = 0;
  78   1      enable_counter3 = 0;
  79   1      enable_counter4 = 0;
  80   1      enable_counter5 = 0;
  81   1      enable_counter6 = 0;
  82   1      enable_counter7 = 0;
  83   1      enable_counter8 = 0;
  84   1      
  85   1      xtimer1.hsec = 0;
  86   1      xtimer1.sec = 0;
  87   1      
  88   1      timer2.hsec = 0;
  89   1      timer2.sec = 0;
  90   1      
  91   1      timer3.hsec = 0;
  92   1      timer3.sec = 0;
  93   1      
  94   1      timer4.hsec = 0;
  95   1      timer4.sec = 0;
  96   1      
  97   1      timer5.hsec = 0;
  98   1      timer5.sec = 0;
  99   1      
 100   1      timer6.hsec = 0;
 101   1      timer6.sec = 0;
 102   1      
 103   1      timer7.hsec = 0;
 104   1      timer7.sec = 0;
 105   1      
 106   1      timer8.hsec = 0;
 107   1      timer8.sec = 0;
 108   1      
 109   1      counter1_sec=0;
 110   1      counter2_sec=0;
 111   1      counter3_sec=0;
 112   1      counter4_sec=0;
 113   1      counter5_sec=0;
 114   1      counter6_sec=0;
 115   1      counter7_sec=0;
 116   1      counter8_sec=0;
C51 COMPILER V9.00   IOCONTROL                                                             09/21/2014 16:12:55 PAGE 3   

 117   1      
 118   1      xoutput1 = 1;
 119   1      xoutput2 = 1;
 120   1      xoutput3 = 1;
 121   1      xoutput4 = 1;
 122   1      xoutput5 = 1;
 123   1      xoutput6 = 1;
 124   1      xoutput7 = 1;
 125   1      xoutput8 = 1;
 126   1      
 127   1      }
 128          
 129          
 130          void key_scan(void)
 131          {
 132   1      //start key
 133   1      
 134   1              if(!start_key1){
 135   2                      enable_timer1 = 1;
 136   2                      xtimer1.hsec = 0;
 137   2                      xtimer1.sec = 0;
 138   2                      enable_counter1 = 1;
 139   2                      counter1_sec = 0;
 140   2                      xoutput1 = 0;
 141   2              }
 142   1      
 143   1              if(!start_key2){
 144   2                      enable_timer2 = 1;
 145   2                      timer2.hsec = 0;
 146   2                      timer2.sec = 0;
 147   2                      enable_counter2 = 1;
 148   2                      counter2_sec = 0;
 149   2                      xoutput2 = 0;
 150   2              }
 151   1      
 152   1              if(!start_key3){
 153   2                      enable_timer3 = 1;
 154   2                      timer3.hsec = 0;
 155   2                      timer3.sec = 0;
 156   2                      enable_counter3 = 1;
 157   2                      counter3_sec = 0;
 158   2                      xoutput3 = 0;
 159   2              }
 160   1              
 161   1              if(!start_key4){
 162   2                      enable_timer4 = 1;
 163   2                      timer4.hsec = 0;
 164   2                      timer4.sec = 0;
 165   2                      enable_counter4 = 1;
 166   2                      counter4_sec = 0;
 167   2                      xoutput4 = 0;
 168   2              }       
 169   1      
 170   1              if(!start_key5){
 171   2                      enable_timer5 = 1;
 172   2                      timer5.hsec = 0;
 173   2                      timer5.sec = 0;
 174   2                      enable_counter5 = 1;
 175   2                      counter5_sec = 0;
 176   2                      xoutput5 = 0;
 177   2              }
 178   1      
C51 COMPILER V9.00   IOCONTROL                                                             09/21/2014 16:12:55 PAGE 4   

 179   1              if(!start_key6){
 180   2                      enable_timer6 = 1;
 181   2                      timer6.hsec = 0;
 182   2                      timer6.sec = 0;
 183   2                      enable_counter6 = 1;
 184   2                      counter6_sec = 0;
 185   2                      xoutput6 = 0;
 186   2              }
 187   1      
 188   1              if(!start_key7){
 189   2                      enable_timer7 = 1;
 190   2                      timer7.hsec = 0;
 191   2                      timer7.sec = 0;
 192   2                      enable_counter7 = 1;
 193   2                      counter7_sec = 0;
 194   2                      xoutput7 = 0;
 195   2              }
 196   1              
 197   1              if(!start_key8){
 198   2                      enable_timer8 = 1;
 199   2                      timer8.hsec = 0;
 200   2                      timer8.sec = 0;
 201   2                      enable_counter8 = 1;
 202   2                      counter8_sec = 0;
 203   2                      xoutput8 = 0;
 204   2              }
 205   1      
 206   1      //stop key
 207   1      
 208   1      
 209   1              if(!stop_key1){
 210   2                      enable_timer1 = 0;
 211   2              }
 212   1      
 213   1              if(!stop_key2){
 214   2                      enable_timer2 = 0;
 215   2              }
 216   1      
 217   1              if(!stop_key3){
 218   2                      enable_timer3 = 0;
 219   2              }
 220   1      
 221   1              if(!stop_key4){
 222   2                      enable_timer4 = 0;
 223   2              }
 224   1      
 225   1              if(!stop_key5){
 226   2                      enable_timer5 = 0;
 227   2              }
 228   1      
 229   1              if(!stop_key6){
 230   2                      enable_timer6 = 0;
 231   2              }
 232   1      
 233   1              if(!stop_key7){
 234   2                      enable_timer7 = 0;
 235   2              }
 236   1      
 237   1              if(!stop_key8){
 238   2                      enable_timer8 = 0;
 239   2              }
 240   1      
C51 COMPILER V9.00   IOCONTROL                                                             09/21/2014 16:12:55 PAGE 5   

 241   1      
 242   1      }
 243          


MODULE INFORMATION:   STATIC OVERLAYABLE
   CODE SIZE        =    267    ----
   CONSTANT SIZE    =   ----    ----
   XDATA SIZE       =   ----    ----
   PDATA SIZE       =   ----    ----
   DATA SIZE        =     26    ----
   IDATA SIZE       =   ----    ----
   BIT SIZE         =   ----    ----
END OF MODULE INFORMATION.


C51 COMPILATION COMPLETE.  0 WARNING(S),  0 ERROR(S)
